{
    "applicationVersion": {
        "data": {
            "value": "6.4.4"
        },
        "description": "The version of the application.",
        "telemetryMode": "BasicSystemInformation"
    },
    "compiler": {
        "data": {
            "type": "GCC",
            "version": "15.1"
        },
        "description": "The compiler used to build this application.",
        "telemetryMode": "BasicSystemInformation"
    },
    "opengl": {
        "data": {
            "glslVersion": "4.60",
            "profile": "compat",
            "renderer": "UHD Graphics 620",
            "type": "GL",
            "vendor": "Intel",
            "vendorVersion": "Mesa 25.1.7-arch1.1",
            "version": "4.6"
        },
        "description": "Information about type, version and vendor of the OpenGL stack.",
        "telemetryMode": "DetailedSystemInformation"
    },
    "panelCount": {
        "data": {
            "panelCount": 0
        },
        "description": "Counts the panels",
        "telemetryMode": "DetailedSystemInformation"
    },
    "platform": {
        "data": {
            "os": "linux",
            "version": "arch"
        },
        "description": "Type and version of the operating system.",
        "telemetryMode": "BasicSystemInformation"
    },
    "qpa": {
        "data": {
            "name": "wayland"
        },
        "description": "The Qt platform abstraction plugin.",
        "telemetryMode": "BasicSystemInformation"
    },
    "qtVersion": {
        "data": {
            "value": "6.9.1"
        },
        "description": "The Qt version used by this application.",
        "telemetryMode": "BasicSystemInformation"
    },
    "screens": {
        "data": [
            {
                "devicePixelRatio": 2,
                "dpi": 147,
                "height": 900,
                "width": 1600
            }
        ],
        "description": "Size and resolution of all connected screens.",
        "telemetryMode": "DetailedSystemInformation"
    },
    "usageTime": {
        "data": {
            "value": 97258
        },
        "description": "The total amount of time the application has been used.",
        "telemetryMode": "BasicUsageStatistics"
    }
}
